<?xml version="1.0" encoding="UTF-8"?>
<coverage generated="1757653687653" clover="3.2.0">
  <project timestamp="1757653687653" name="All files">
    <metrics statements="7" coveredstatements="4" conditionals="0" coveredconditionals="0" methods="5" coveredmethods="2" elements="12" coveredelements="6" complexity="0" loc="7" ncloc="7" packages="1" files="2" classes="2"/>
    <file name="App.js" path="D:\2025-26\Capstone_Project\auto-deploy-project\frontend\src\App.js">
      <metrics statements="5" coveredstatements="4" conditionals="0" coveredconditionals="0" methods="5" coveredmethods="2"/>
      <line num="5" count="1" type="stmt"/>
      <line num="6" count="1" type="stmt"/>
      <line num="7" count="1" type="stmt"/>
      <line num="10" count="1" type="stmt"/>
      <line num="15" count="0" type="stmt"/>
    </file>
    <file name="index.js" path="D:\2025-26\Capstone_Project\auto-deploy-project\frontend\src\index.js">
      <metrics statements="2" coveredstatements="0" conditionals="0" coveredconditionals="0" methods="0" coveredmethods="0"/>
      <line num="6" count="0" type="stmt"/>
      <line num="7" count="0" type="stmt"/>
    </file>
  </project>
</coverage>
